# JRE version: OpenJDK Runtime Environment Corretto-18.0.2.9.1 (18.0.2+9) (build 18.0.2+9-FR)
# Java VM: OpenJDK 64-Bit Server VM Corretto-18.0.2.9.1 (18.0.2+9-FR, mixed mode, emulated-client, sharing, tiered, compressed oops, compressed class ptrs, g1 gc, windows-amd64)
GC Precious Log:
 CardTable entry size: 512
 Card Set container configuration: InlinePtr #cards 5 size 8 Array Of Cards #cards 12 size 40 Howl #buckets 4 coarsen threshold 1843 Howl Bitmap #cards 512 size 80 coarsen threshold 460 Card regions per heap region 1 cards per card region 2048
 CPUs: 8 total, 8 available
 Memory: 8086M
 Large Page Support: Disabled
 NUMA Support: Disabled
 Compressed Oops: Enabled (32-bit)
 Heap Region Size: 1M
 Heap Min Capacity: 8M
 Heap Initial Capacity: 128M
 Heap Max Capacity: 2022M
 Pre-touch: Disabled
 Parallel Workers: 8
 Concurrent Workers: 2
 Concurrent Refinement Workers: 8
 Periodic GC: Disabled
Heap:
 garbage-first heap   total 91136K, used 38864K [0x0000000081a00000, 0x0000000100000000)
  region size 1024K, 1 young (1024K), 1 survivors (1024K)
 Metaspace       used 58269K, committed 59584K, reserved 1114112K
  class space    used 7932K, committed 8448K, reserved 1048576K
GC Heap History (20 events):
Event: 31.794 GC heap after
{Heap after GC invocations=32 (full 0):
 garbage-first heap   total 82944K, used 39443K [0x0000000081a00000, 0x0000000100000000)
  region size 1024K, 1 young (1024K), 1 survivors (1024K)
 Metaspace       used 55175K, committed 55936K, reserved 1114112K
  class space    used 7527K, committed 7872K, reserved 1048576K
}
Event: 37.700 GC heap before
{Heap before GC invocations=33 (full 0):
 garbage-first heap   total 82944K, used 68115K [0x0000000081a00000, 0x0000000100000000)
  region size 1024K, 29 young (29696K), 1 survivors (1024K)
 Metaspace       used 58663K, committed 59456K, reserved 1114112K
  class space    used 8032K, committed 8448K, reserved 1048576K
}
Event: 37.704 GC heap after
{Heap after GC invocations=34 (full 0):
 garbage-first heap   total 82944K, used 42311K [0x0000000081a00000, 0x0000000100000000)
  region size 1024K, 3 young (3072K), 3 survivors (3072K)
 Metaspace       used 58663K, committed 59456K, reserved 1114112K
  class space    used 8032K, committed 8448K, reserved 1048576K
}
Event: 38.068 GC heap before
{Heap before GC invocations=34 (full 0):
 garbage-first heap   total 82944K, used 43335K [0x0000000081a00000, 0x0000000100000000)
  region size 1024K, 4 young (4096K), 3 survivors (3072K)
 Metaspace       used 58663K, committed 59456K, reserved 1114112K
  class space    used 8032K, committed 8448K, reserved 1048576K
}
Event: 38.072 GC heap after
{Heap after GC invocations=35 (full 0):
 garbage-first heap   total 82944K, used 41602K [0x0000000081a00000, 0x0000000100000000)
  region size 1024K, 1 young (1024K), 1 survivors (1024K)
 Metaspace       used 58663K, committed 59456K, reserved 1114112K
  class space    used 8032K, committed 8448K, reserved 1048576K
}
Event: 89.269 GC heap before
{Heap before GC invocations=35 (full 0):
 garbage-first heap   total 82944K, used 66178K [0x0000000081a00000, 0x0000000100000000)
  region size 1024K, 26 young (26624K), 1 survivors (1024K)
 Metaspace       used 58764K, committed 59584K, reserved 1114112K
  class space    used 8048K, committed 8448K, reserved 1048576K
}
Event: 92.890 GC heap after
{Heap after GC invocations=36 (full 0):
 garbage-first heap   total 82944K, used 42152K [0x0000000081a00000, 0x0000000100000000)
  region size 1024K, 1 young (1024K), 1 survivors (1024K)
 Metaspace       used 58764K, committed 59584K, reserved 1114112K
  class space    used 8048K, committed 8448K, reserved 1048576K
}
Event: 94.954 GC heap before
{Heap before GC invocations=37 (full 0):
 garbage-first heap   total 82944K, used 45224K [0x0000000081a00000, 0x0000000100000000)
  region size 1024K, 4 young (4096K), 1 survivors (1024K)
 Metaspace       used 58215K, committed 59584K, reserved 1114112K
  class space    used 7919K, committed 8448K, reserved 1048576K
}
Event: 94.956 GC heap after
{Heap after GC invocations=38 (full 0):
 garbage-first heap   total 82944K, used 41996K [0x0000000081a00000, 0x0000000100000000)
  region size 1024K, 1 young (1024K), 1 survivors (1024K)
 Metaspace       used 58215K, committed 59584K, reserved 1114112K
  class space    used 7919K, committed 8448K, reserved 1048576K
}
Event: 96.099 GC heap before
{Heap before GC invocations=38 (full 0):
 garbage-first heap   total 82944K, used 45068K [0x0000000081a00000, 0x0000000100000000)
  region size 1024K, 4 young (4096K), 1 survivors (1024K)
 Metaspace       used 58217K, committed 59584K, reserved 1114112K
  class space    used 7919K, committed 8448K, reserved 1048576K
}
Event: 96.105 GC heap after
{Heap after GC invocations=39 (full 0):
 garbage-first heap   total 82944K, used 41036K [0x0000000081a00000, 0x0000000100000000)
  region size 1024K, 1 young (1024K), 1 survivors (1024K)
 Metaspace       used 58217K, committed 59584K, reserved 1114112K
  class space    used 7919K, committed 8448K, reserved 1048576K
}
Event: 97.457 GC heap before
{Heap before GC invocations=39 (full 0):
 garbage-first heap   total 82944K, used 44108K [0x0000000081a00000, 0x0000000100000000)
  region size 1024K, 4 young (4096K), 1 survivors (1024K)
 Metaspace       used 58217K, committed 59584K, reserved 1114112K
  class space    used 7919K, committed 8448K, reserved 1048576K
}
Event: 97.462 GC heap after
{Heap after GC invocations=40 (full 0):
 garbage-first heap   total 82944K, used 40353K [0x0000000081a00000, 0x0000000100000000)
  region size 1024K, 1 young (1024K), 1 survivors (1024K)
 Metaspace       used 58217K, committed 59584K, reserved 1114112K
  class space    used 7919K, committed 8448K, reserved 1048576K
}
Event: 98.549 GC heap before
{Heap before GC invocations=40 (full 0):
 garbage-first heap   total 82944K, used 43425K [0x0000000081a00000, 0x0000000100000000)
  region size 1024K, 4 young (4096K), 1 survivors (1024K)
 Metaspace       used 58220K, committed 59584K, reserved 1114112K
  class space    used 7920K, committed 8448K, reserved 1048576K
}
Event: 98.552 GC heap after
{Heap after GC invocations=41 (full 0):
 garbage-first heap   total 82944K, used 39763K [0x0000000081a00000, 0x0000000100000000)
  region size 1024K, 1 young (1024K), 1 survivors (1024K)
 Metaspace       used 58220K, committed 59584K, reserved 1114112K
  class space    used 7920K, committed 8448K, reserved 1048576K
}
Event: 99.228 GC heap before
{Heap before GC invocations=41 (full 0):
 garbage-first heap   total 82944K, used 41811K [0x0000000081a00000, 0x0000000100000000)
  region size 1024K, 4 young (4096K), 1 survivors (1024K)
 Metaspace       used 58220K, committed 59584K, reserved 1114112K
  class space    used 7920K, committed 8448K, reserved 1048576K
}
Event: 99.231 GC heap after
{Heap after GC invocations=42 (full 0):
 garbage-first heap   total 82944K, used 39753K [0x0000000081a00000, 0x0000000100000000)
  region size 1024K, 1 young (1024K), 1 survivors (1024K)
 Metaspace       used 58220K, committed 59584K, reserved 1114112K
  class space    used 7920K, committed 8448K, reserved 1048576K
}
Event: 100.331 GC heap before
{Heap before GC invocations=42 (full 0):
 garbage-first heap   total 82944K, used 41801K [0x0000000081a00000, 0x0000000100000000)
  region size 1024K, 4 young (4096K), 1 survivors (1024K)
 Metaspace       used 58258K, committed 59584K, reserved 1114112K
  class space    used 7929K, committed 8448K, reserved 1048576K
}
Event: 100.334 GC heap after
{Heap after GC invocations=43 (full 0):
 garbage-first heap   total 82944K, used 39425K [0x0000000081a00000, 0x0000000100000000)
  region size 1024K, 1 young (1024K), 1 survivors (1024K)
 Metaspace       used 58258K, committed 59584K, reserved 1114112K
  class space    used 7929K, committed 8448K, reserved 1048576K
}
Event: 101.992 GC heap before
{Heap before GC invocations=43 (full 0):
 garbage-first heap   total 82944K, used 42497K [0x0000000081a00000, 0x0000000100000000)
  region size 1024K, 4 young (4096K), 1 survivors (1024K)
 Metaspace       used 58269K, committed 59584K, reserved 1114112K
  class space    used 7932K, committed 8448K, reserved 1048576K
}

