# JRE version: OpenJDK Runtime Environment Corretto-18.0.2.9.1 (18.0.2+9) (build 18.0.2+9-FR)
# Java VM: OpenJDK 64-Bit Server VM Corretto-18.0.2.9.1 (18.0.2+9-FR, mixed mode, emulated-client, sharing, tiered, compressed oops, compressed class ptrs, g1 gc, windows-amd64)
GC Precious Log:
 CardTable entry size: 512
 Card Set container configuration: InlinePtr #cards 5 size 8 Array Of Cards #cards 12 size 40 Howl #buckets 4 coarsen threshold 1843 Howl Bitmap #cards 512 size 80 coarsen threshold 460 Card regions per heap region 1 cards per card region 2048
 CPUs: 8 total, 8 available
 Memory: 8086M
 Large Page Support: Disabled
 NUMA Support: Disabled
 Compressed Oops: Enabled (32-bit)
 Heap Region Size: 1M
 Heap Min Capacity: 8M
 Heap Initial Capacity: 128M
 Heap Max Capacity: 2022M
 Pre-touch: Disabled
 Parallel Workers: 8
 Concurrent Workers: 2
 Concurrent Refinement Workers: 8
 Periodic GC: Disabled
Heap:
 garbage-first heap   total 100352K, used 35204K [0x0000000081a00000, 0x0000000100000000)
  region size 1024K, 1 young (1024K), 1 survivors (1024K)
 Metaspace       used 56904K, committed 58048K, reserved 1114112K
  class space    used 7756K, committed 8192K, reserved 1048576K
GC Heap History (20 events):
Event: 139.793 GC heap after
{Heap after GC invocations=31 (full 0):
 garbage-first heap   total 70656K, used 37469K [0x0000000081a00000, 0x0000000100000000)
  region size 1024K, 2 young (2048K), 2 survivors (2048K)
 Metaspace       used 56105K, committed 56768K, reserved 1114112K
  class space    used 7663K, committed 8000K, reserved 1048576K
}
Event: 161.919 GC heap before
{Heap before GC invocations=31 (full 0):
 garbage-first heap   total 70656K, used 58973K [0x0000000081a00000, 0x0000000100000000)
  region size 1024K, 23 young (23552K), 2 survivors (2048K)
 Metaspace       used 57263K, committed 58048K, reserved 1114112K
  class space    used 7840K, committed 8192K, reserved 1048576K
}
Event: 162.041 GC heap after
{Heap after GC invocations=32 (full 0):
 garbage-first heap   total 70656K, used 38640K [0x0000000081a00000, 0x0000000100000000)
  region size 1024K, 3 young (3072K), 3 survivors (3072K)
 Metaspace       used 57263K, committed 58048K, reserved 1114112K
  class space    used 7840K, committed 8192K, reserved 1048576K
}
Event: 233.214 GC heap before
{Heap before GC invocations=32 (full 0):
 garbage-first heap   total 70656K, used 59120K [0x0000000081a00000, 0x0000000100000000)
  region size 1024K, 23 young (23552K), 3 survivors (3072K)
 Metaspace       used 57284K, committed 58048K, reserved 1114112K
  class space    used 7845K, committed 8192K, reserved 1048576K
}
Event: 233.250 GC heap after
{Heap after GC invocations=33 (full 0):
 garbage-first heap   total 70656K, used 38746K [0x0000000081a00000, 0x0000000100000000)
  region size 1024K, 2 young (2048K), 2 survivors (2048K)
 Metaspace       used 57284K, committed 58048K, reserved 1114112K
  class space    used 7845K, committed 8192K, reserved 1048576K
}
Event: 337.455 GC heap before
{Heap before GC invocations=34 (full 0):
 garbage-first heap   total 70656K, used 59226K [0x0000000081a00000, 0x0000000100000000)
  region size 1024K, 22 young (22528K), 2 survivors (2048K)
 Metaspace       used 56904K, committed 58048K, reserved 1114112K
  class space    used 7756K, committed 8192K, reserved 1048576K
}
Event: 339.151 GC heap after
{Heap after GC invocations=35 (full 0):
 garbage-first heap   total 70656K, used 38582K [0x0000000081a00000, 0x0000000100000000)
  region size 1024K, 2 young (2048K), 2 survivors (2048K)
 Metaspace       used 56904K, committed 58048K, reserved 1114112K
  class space    used 7756K, committed 8192K, reserved 1048576K
}
Event: 343.482 GC heap before
{Heap before GC invocations=35 (full 0):
 garbage-first heap   total 70656K, used 39606K [0x0000000081a00000, 0x0000000100000000)
  region size 1024K, 3 young (3072K), 2 survivors (2048K)
 Metaspace       used 56904K, committed 58048K, reserved 1114112K
  class space    used 7756K, committed 8192K, reserved 1048576K
}
Event: 343.723 GC heap after
{Heap after GC invocations=36 (full 0):
 garbage-first heap   total 70656K, used 37950K [0x0000000081a00000, 0x0000000100000000)
  region size 1024K, 1 young (1024K), 1 survivors (1024K)
 Metaspace       used 56904K, committed 58048K, reserved 1114112K
  class space    used 7756K, committed 8192K, reserved 1048576K
}
Event: 354.158 GC heap before
{Heap before GC invocations=36 (full 0):
 garbage-first heap   total 70656K, used 39998K [0x0000000081a00000, 0x0000000100000000)
  region size 1024K, 3 young (3072K), 1 survivors (1024K)
 Metaspace       used 56904K, committed 58048K, reserved 1114112K
  class space    used 7756K, committed 8192K, reserved 1048576K
}
Event: 354.233 GC heap after
{Heap after GC invocations=37 (full 0):
 garbage-first heap   total 100352K, used 37317K [0x0000000081a00000, 0x0000000100000000)
  region size 1024K, 1 young (1024K), 1 survivors (1024K)
 Metaspace       used 56904K, committed 58048K, reserved 1114112K
  class space    used 7756K, committed 8192K, reserved 1048576K
}
Event: 370.258 GC heap before
{Heap before GC invocations=37 (full 0):
 garbage-first heap   total 100352K, used 40389K [0x0000000081a00000, 0x0000000100000000)
  region size 1024K, 4 young (4096K), 1 survivors (1024K)
 Metaspace       used 56904K, committed 58048K, reserved 1114112K
  class space    used 7756K, committed 8192K, reserved 1048576K
}
Event: 371.073 GC heap after
{Heap after GC invocations=38 (full 0):
 garbage-first heap   total 100352K, used 36746K [0x0000000081a00000, 0x0000000100000000)
  region size 1024K, 1 young (1024K), 1 survivors (1024K)
 Metaspace       used 56904K, committed 58048K, reserved 1114112K
  class space    used 7756K, committed 8192K, reserved 1048576K
}
Event: 386.707 GC heap before
{Heap before GC invocations=38 (full 0):
 garbage-first heap   total 100352K, used 39818K [0x0000000081a00000, 0x0000000100000000)
  region size 1024K, 4 young (4096K), 1 survivors (1024K)
 Metaspace       used 56904K, committed 58048K, reserved 1114112K
  class space    used 7756K, committed 8192K, reserved 1048576K
}
Event: 390.246 GC heap after
{Heap after GC invocations=39 (full 0):
 garbage-first heap   total 100352K, used 36049K [0x0000000081a00000, 0x0000000100000000)
  region size 1024K, 1 young (1024K), 1 survivors (1024K)
 Metaspace       used 56904K, committed 58048K, reserved 1114112K
  class space    used 7756K, committed 8192K, reserved 1048576K
}
Event: 405.829 GC heap before
{Heap before GC invocations=39 (full 0):
 garbage-first heap   total 100352K, used 39121K [0x0000000081a00000, 0x0000000100000000)
  region size 1024K, 4 young (4096K), 1 survivors (1024K)
 Metaspace       used 56904K, committed 58048K, reserved 1114112K
  class space    used 7756K, committed 8192K, reserved 1048576K
}
Event: 419.422 GC heap after
{Heap after GC invocations=40 (full 0):
 garbage-first heap   total 100352K, used 35619K [0x0000000081a00000, 0x0000000100000000)
  region size 1024K, 1 young (1024K), 1 survivors (1024K)
 Metaspace       used 56904K, committed 58048K, reserved 1114112K
  class space    used 7756K, committed 8192K, reserved 1048576K
}
Event: 433.696 GC heap before
{Heap before GC invocations=40 (full 0):
 garbage-first heap   total 100352K, used 38691K [0x0000000081a00000, 0x0000000100000000)
  region size 1024K, 4 young (4096K), 1 survivors (1024K)
 Metaspace       used 56904K, committed 58048K, reserved 1114112K
  class space    used 7756K, committed 8192K, reserved 1048576K
}
Event: 434.041 GC heap after
{Heap after GC invocations=41 (full 0):
 garbage-first heap   total 100352K, used 35302K [0x0000000081a00000, 0x0000000100000000)
  region size 1024K, 1 young (1024K), 1 survivors (1024K)
 Metaspace       used 56904K, committed 58048K, reserved 1114112K
  class space    used 7756K, committed 8192K, reserved 1048576K
}
Event: 449.643 GC heap before
{Heap before GC invocations=41 (full 0):
 garbage-first heap   total 100352K, used 38374K [0x0000000081a00000, 0x0000000100000000)
  region size 1024K, 4 young (4096K), 1 survivors (1024K)
 Metaspace       used 56904K, committed 58048K, reserved 1114112K
  class space    used 7756K, committed 8192K, reserved 1048576K
}

