# JRE version: OpenJDK Runtime Environment Corretto-18.0.2.9.1 (18.0.2+9) (build 18.0.2+9-FR)
# Java VM: OpenJDK 64-Bit Server VM Corretto-18.0.2.9.1 (18.0.2+9-FR, mixed mode, emulated-client, sharing, tiered, compressed oops, compressed class ptrs, g1 gc, windows-amd64)
GC Precious Log:
 CardTable entry size: 512
 Card Set container configuration: InlinePtr #cards 5 size 8 Array Of Cards #cards 12 size 40 Howl #buckets 4 coarsen threshold 1843 Howl Bitmap #cards 512 size 80 coarsen threshold 460 Card regions per heap region 1 cards per card region 2048
 CPUs: 8 total, 8 available
 Memory: 8086M
 Large Page Support: Disabled
 NUMA Support: Disabled
 Compressed Oops: Enabled (32-bit)
 Heap Region Size: 1M
 Heap Min Capacity: 8M
 Heap Initial Capacity: 128M
 Heap Max Capacity: 2022M
 Pre-touch: Disabled
 Parallel Workers: 8
 Concurrent Workers: 2
 Concurrent Refinement Workers: 8
 Periodic GC: Disabled
Heap:
 garbage-first heap   total 83968K, used 47712K [0x0000000081a00000, 0x0000000100000000)
  region size 1024K, 11 young (11264K), 1 survivors (1024K)
 Metaspace       used 56075K, committed 56704K, reserved 1114112K
  class space    used 7658K, committed 8000K, reserved 1048576K
GC Heap History (20 events):
Event: 745.965 GC heap before
{Heap before GC invocations=33 (full 0):
 garbage-first heap   total 83968K, used 40319K [0x0000000081a00000, 0x0000000100000000)
  region size 1024K, 4 young (4096K), 2 survivors (2048K)
 Metaspace       used 53483K, committed 54080K, reserved 1114112K
  class space    used 7310K, committed 7616K, reserved 1048576K
}
Event: 747.925 GC heap after
{Heap after GC invocations=34 (full 0):
 garbage-first heap   total 83968K, used 38410K [0x0000000081a00000, 0x0000000100000000)
  region size 1024K, 1 young (1024K), 1 survivors (1024K)
 Metaspace       used 53483K, committed 54080K, reserved 1114112K
  class space    used 7310K, committed 7616K, reserved 1048576K
}
Event: 763.345 GC heap before
{Heap before GC invocations=34 (full 0):
 garbage-first heap   total 83968K, used 41482K [0x0000000081a00000, 0x0000000100000000)
  region size 1024K, 4 young (4096K), 1 survivors (1024K)
 Metaspace       used 53483K, committed 54080K, reserved 1114112K
  class space    used 7310K, committed 7616K, reserved 1048576K
}
Event: 763.356 GC heap after
{Heap after GC invocations=35 (full 0):
 garbage-first heap   total 83968K, used 38138K [0x0000000081a00000, 0x0000000100000000)
  region size 1024K, 1 young (1024K), 1 survivors (1024K)
 Metaspace       used 53483K, committed 54080K, reserved 1114112K
  class space    used 7310K, committed 7616K, reserved 1048576K
}
Event: 779.289 GC heap before
{Heap before GC invocations=35 (full 0):
 garbage-first heap   total 83968K, used 41210K [0x0000000081a00000, 0x0000000100000000)
  region size 1024K, 4 young (4096K), 1 survivors (1024K)
 Metaspace       used 53483K, committed 54080K, reserved 1114112K
  class space    used 7310K, committed 7616K, reserved 1048576K
}
Event: 779.292 GC heap after
{Heap after GC invocations=36 (full 0):
 garbage-first heap   total 83968K, used 38127K [0x0000000081a00000, 0x0000000100000000)
  region size 1024K, 1 young (1024K), 1 survivors (1024K)
 Metaspace       used 53483K, committed 54080K, reserved 1114112K
  class space    used 7310K, committed 7616K, reserved 1048576K
}
Event: 795.872 GC heap before
{Heap before GC invocations=36 (full 0):
 garbage-first heap   total 83968K, used 41199K [0x0000000081a00000, 0x0000000100000000)
  region size 1024K, 4 young (4096K), 1 survivors (1024K)
 Metaspace       used 53483K, committed 54080K, reserved 1114112K
  class space    used 7310K, committed 7616K, reserved 1048576K
}
Event: 795.874 GC heap after
{Heap after GC invocations=37 (full 0):
 garbage-first heap   total 83968K, used 38074K [0x0000000081a00000, 0x0000000100000000)
  region size 1024K, 1 young (1024K), 1 survivors (1024K)
 Metaspace       used 53483K, committed 54080K, reserved 1114112K
  class space    used 7310K, committed 7616K, reserved 1048576K
}
Event: 812.615 GC heap before
{Heap before GC invocations=37 (full 0):
 garbage-first heap   total 83968K, used 41146K [0x0000000081a00000, 0x0000000100000000)
  region size 1024K, 4 young (4096K), 1 survivors (1024K)
 Metaspace       used 53483K, committed 54080K, reserved 1114112K
  class space    used 7310K, committed 7616K, reserved 1048576K
}
Event: 812.618 GC heap after
{Heap after GC invocations=38 (full 0):
 garbage-first heap   total 83968K, used 38077K [0x0000000081a00000, 0x0000000100000000)
  region size 1024K, 1 young (1024K), 1 survivors (1024K)
 Metaspace       used 53483K, committed 54080K, reserved 1114112K
  class space    used 7310K, committed 7616K, reserved 1048576K
}
Event: 828.569 GC heap before
{Heap before GC invocations=38 (full 0):
 garbage-first heap   total 83968K, used 41149K [0x0000000081a00000, 0x0000000100000000)
  region size 1024K, 4 young (4096K), 1 survivors (1024K)
 Metaspace       used 53483K, committed 54080K, reserved 1114112K
  class space    used 7310K, committed 7616K, reserved 1048576K
}
Event: 828.573 GC heap after
{Heap after GC invocations=39 (full 0):
 garbage-first heap   total 83968K, used 38076K [0x0000000081a00000, 0x0000000100000000)
  region size 1024K, 1 young (1024K), 1 survivors (1024K)
 Metaspace       used 53483K, committed 54080K, reserved 1114112K
  class space    used 7310K, committed 7616K, reserved 1048576K
}
Event: 915.615 GC heap before
{Heap before GC invocations=39 (full 0):
 garbage-first heap   total 83968K, used 54460K [0x0000000081a00000, 0x0000000100000000)
  region size 1024K, 17 young (17408K), 1 survivors (1024K)
 Metaspace       used 53483K, committed 54080K, reserved 1114112K
  class space    used 7310K, committed 7616K, reserved 1048576K
}
Event: 915.623 GC heap after
{Heap after GC invocations=40 (full 0):
 garbage-first heap   total 83968K, used 38109K [0x0000000081a00000, 0x0000000100000000)
  region size 1024K, 1 young (1024K), 1 survivors (1024K)
 Metaspace       used 53483K, committed 54080K, reserved 1114112K
  class space    used 7310K, committed 7616K, reserved 1048576K
}
Event: 1094.694 GC heap before
{Heap before GC invocations=40 (full 0):
 garbage-first heap   total 83968K, used 71901K [0x0000000081a00000, 0x0000000100000000)
  region size 1024K, 34 young (34816K), 1 survivors (1024K)
 Metaspace       used 53483K, committed 54080K, reserved 1114112K
  class space    used 7310K, committed 7616K, reserved 1048576K
}
Event: 1094.716 GC heap after
{Heap after GC invocations=41 (full 0):
 garbage-first heap   total 83968K, used 38084K [0x0000000081a00000, 0x0000000100000000)
  region size 1024K, 1 young (1024K), 1 survivors (1024K)
 Metaspace       used 53483K, committed 54080K, reserved 1114112K
  class space    used 7310K, committed 7616K, reserved 1048576K
}
Event: 1275.091 GC heap before
{Heap before GC invocations=41 (full 0):
 garbage-first heap   total 83968K, used 71876K [0x0000000081a00000, 0x0000000100000000)
  region size 1024K, 34 young (34816K), 1 survivors (1024K)
 Metaspace       used 53483K, committed 54080K, reserved 1114112K
  class space    used 7310K, committed 7616K, reserved 1048576K
}
Event: 1275.141 GC heap after
{Heap after GC invocations=42 (full 0):
 garbage-first heap   total 83968K, used 38113K [0x0000000081a00000, 0x0000000100000000)
  region size 1024K, 1 young (1024K), 1 survivors (1024K)
 Metaspace       used 53483K, committed 54080K, reserved 1114112K
  class space    used 7310K, committed 7616K, reserved 1048576K
}
Event: 1437.992 GC heap before
{Heap before GC invocations=42 (full 0):
 garbage-first heap   total 83968K, used 70881K [0x0000000081a00000, 0x0000000100000000)
  region size 1024K, 34 young (34816K), 1 survivors (1024K)
 Metaspace       used 54542K, committed 55104K, reserved 1114112K
  class space    used 7429K, committed 7680K, reserved 1048576K
}
Event: 1438.022 GC heap after
{Heap after GC invocations=43 (full 0):
 garbage-first heap   total 83968K, used 38496K [0x0000000081a00000, 0x0000000100000000)
  region size 1024K, 1 young (1024K), 1 survivors (1024K)
 Metaspace       used 54542K, committed 55104K, reserved 1114112K
  class space    used 7429K, committed 7680K, reserved 1048576K
}

