# JRE version: OpenJDK Runtime Environment Corretto-18.0.2.9.1 (18.0.2+9) (build 18.0.2+9-FR)
# Java VM: OpenJDK 64-Bit Server VM Corretto-18.0.2.9.1 (18.0.2+9-FR, mixed mode, emulated-client, sharing, tiered, compressed oops, compressed class ptrs, g1 gc, windows-amd64)
GC Precious Log:
 CardTable entry size: 512
 Card Set container configuration: InlinePtr #cards 5 size 8 Array Of Cards #cards 12 size 40 Howl #buckets 4 coarsen threshold 1843 Howl Bitmap #cards 512 size 80 coarsen threshold 460 Card regions per heap region 1 cards per card region 2048
 CPUs: 8 total, 8 available
 Memory: 8086M
 Large Page Support: Disabled
 NUMA Support: Disabled
 Compressed Oops: Enabled (32-bit)
 Heap Region Size: 1M
 Heap Min Capacity: 8M
 Heap Initial Capacity: 128M
 Heap Max Capacity: 2022M
 Pre-touch: Disabled
 Parallel Workers: 8
 Concurrent Workers: 2
 Concurrent Refinement Workers: 8
 Periodic GC: Disabled
Heap:
 garbage-first heap   total 280576K, used 236974K [0x0000000081a00000, 0x0000000100000000)
  region size 1024K, 2 young (2048K), 2 survivors (2048K)
 Metaspace       used 56424K, committed 57408K, reserved 1114112K
  class space    used 7683K, committed 8064K, reserved 1048576K
GC Heap History (20 events):
Event: 497.125 GC heap after
{Heap after GC invocations=35 (full 0):
 garbage-first heap   total 72704K, used 49956K [0x0000000081a00000, 0x0000000100000000)
  region size 1024K, 3 young (3072K), 3 survivors (3072K)
 Metaspace       used 56424K, committed 57408K, reserved 1114112K
  class space    used 7683K, committed 8064K, reserved 1048576K
}
Event: 497.133 GC heap before
{Heap before GC invocations=35 (full 0):
 garbage-first heap   total 72704K, used 57124K [0x0000000081a00000, 0x0000000100000000)
  region size 1024K, 9 young (9216K), 3 survivors (3072K)
 Metaspace       used 56424K, committed 57408K, reserved 1114112K
  class space    used 7683K, committed 8064K, reserved 1048576K
}
Event: 497.144 GC heap after
{Heap after GC invocations=36 (full 0):
 garbage-first heap   total 72704K, used 57587K [0x0000000081a00000, 0x0000000100000000)
  region size 1024K, 2 young (2048K), 2 survivors (2048K)
 Metaspace       used 56424K, committed 57408K, reserved 1114112K
  class space    used 7683K, committed 8064K, reserved 1048576K
}
Event: 497.145 GC heap before
{Heap before GC invocations=36 (full 0):
 garbage-first heap   total 72704K, used 58611K [0x0000000081a00000, 0x0000000100000000)
  region size 1024K, 3 young (3072K), 2 survivors (2048K)
 Metaspace       used 56424K, committed 57408K, reserved 1114112K
  class space    used 7683K, committed 8064K, reserved 1048576K
}
Event: 497.147 GC heap after
{Heap after GC invocations=37 (full 0):
 garbage-first heap   total 72704K, used 59299K [0x0000000081a00000, 0x0000000100000000)
  region size 1024K, 1 young (1024K), 1 survivors (1024K)
 Metaspace       used 56424K, committed 57408K, reserved 1114112K
  class space    used 7683K, committed 8064K, reserved 1048576K
}
Event: 497.150 GC heap before
{Heap before GC invocations=37 (full 0):
 garbage-first heap   total 72704K, used 61347K [0x0000000081a00000, 0x0000000100000000)
  region size 1024K, 3 young (3072K), 1 survivors (1024K)
 Metaspace       used 56424K, committed 57408K, reserved 1114112K
  class space    used 7683K, committed 8064K, reserved 1048576K
}
Event: 497.154 GC heap after
{Heap after GC invocations=38 (full 0):
 garbage-first heap   total 72704K, used 61611K [0x0000000081a00000, 0x0000000100000000)
  region size 1024K, 1 young (1024K), 1 survivors (1024K)
 Metaspace       used 56424K, committed 57408K, reserved 1114112K
  class space    used 7683K, committed 8064K, reserved 1048576K
}
Event: 497.157 GC heap before
{Heap before GC invocations=38 (full 0):
 garbage-first heap   total 72704K, used 63659K [0x0000000081a00000, 0x0000000100000000)
  region size 1024K, 3 young (3072K), 1 survivors (1024K)
 Metaspace       used 56424K, committed 57408K, reserved 1114112K
  class space    used 7683K, committed 8064K, reserved 1048576K
}
Event: 497.160 GC heap after
{Heap after GC invocations=39 (full 0):
 garbage-first heap   total 72704K, used 63961K [0x0000000081a00000, 0x0000000100000000)
  region size 1024K, 1 young (1024K), 1 survivors (1024K)
 Metaspace       used 56424K, committed 57408K, reserved 1114112K
  class space    used 7683K, committed 8064K, reserved 1048576K
}
Event: 497.162 GC heap before
{Heap before GC invocations=39 (full 0):
 garbage-first heap   total 72704K, used 66009K [0x0000000081a00000, 0x0000000100000000)
  region size 1024K, 3 young (3072K), 1 survivors (1024K)
 Metaspace       used 56424K, committed 57408K, reserved 1114112K
  class space    used 7683K, committed 8064K, reserved 1048576K
}
Event: 497.166 GC heap after
{Heap after GC invocations=40 (full 0):
 garbage-first heap   total 218112K, used 66226K [0x0000000081a00000, 0x0000000100000000)
  region size 1024K, 1 young (1024K), 1 survivors (1024K)
 Metaspace       used 56424K, committed 57408K, reserved 1114112K
  class space    used 7683K, committed 8064K, reserved 1048576K
}
Event: 497.366 GC heap before
{Heap before GC invocations=41 (full 0):
 garbage-first heap   total 218112K, used 177842K [0x0000000081a00000, 0x0000000100000000)
  region size 1024K, 100 young (102400K), 1 survivors (1024K)
 Metaspace       used 56424K, committed 57408K, reserved 1114112K
  class space    used 7683K, committed 8064K, reserved 1048576K
}
Event: 497.450 GC heap after
{Heap after GC invocations=42 (full 0):
 garbage-first heap   total 280576K, used 178030K [0x0000000081a00000, 0x0000000100000000)
  region size 1024K, 13 young (13312K), 13 survivors (13312K)
 Metaspace       used 56424K, committed 57408K, reserved 1114112K
  class space    used 7683K, committed 8064K, reserved 1048576K
}
Event: 497.454 GC heap before
{Heap before GC invocations=42 (full 0):
 garbage-first heap   total 280576K, used 179054K [0x0000000081a00000, 0x0000000100000000)
  region size 1024K, 14 young (14336K), 13 survivors (13312K)
 Metaspace       used 56424K, committed 57408K, reserved 1114112K
  class space    used 7683K, committed 8064K, reserved 1048576K
}
Event: 497.465 GC heap after
{Heap after GC invocations=43 (full 0):
 garbage-first heap   total 280576K, used 180734K [0x0000000081a00000, 0x0000000100000000)
  region size 1024K, 2 young (2048K), 2 survivors (2048K)
 Metaspace       used 56424K, committed 57408K, reserved 1114112K
  class space    used 7683K, committed 8064K, reserved 1048576K
}
Event: 497.493 GC heap before
{Heap before GC invocations=43 (full 0):
 garbage-first heap   total 280576K, used 201214K [0x0000000081a00000, 0x0000000100000000)
  region size 1024K, 23 young (23552K), 2 survivors (2048K)
 Metaspace       used 56424K, committed 57408K, reserved 1114112K
  class space    used 7683K, committed 8064K, reserved 1048576K
}
Event: 497.506 GC heap after
{Heap after GC invocations=44 (full 0):
 garbage-first heap   total 280576K, used 202752K [0x0000000081a00000, 0x0000000100000000)
  region size 1024K, 4 young (4096K), 4 survivors (4096K)
 Metaspace       used 56424K, committed 57408K, reserved 1114112K
  class space    used 7683K, committed 8064K, reserved 1048576K
}
Event: 497.533 GC heap before
{Heap before GC invocations=44 (full 0):
 garbage-first heap   total 280576K, used 223232K [0x0000000081a00000, 0x0000000100000000)
  region size 1024K, 19 young (19456K), 4 survivors (4096K)
 Metaspace       used 56424K, committed 57408K, reserved 1114112K
  class space    used 7683K, committed 8064K, reserved 1048576K
}
Event: 497.545 GC heap after
{Heap after GC invocations=45 (full 0):
 garbage-first heap   total 280576K, used 225278K [0x0000000081a00000, 0x0000000100000000)
  region size 1024K, 3 young (3072K), 3 survivors (3072K)
 Metaspace       used 56424K, committed 57408K, reserved 1114112K
  class space    used 7683K, committed 8064K, reserved 1048576K
}
Event: 497.565 GC heap before
{Heap before GC invocations=45 (full 0):
 garbage-first heap   total 280576K, used 235518K [0x0000000081a00000, 0x0000000100000000)
  region size 1024K, 13 young (13312K), 3 survivors (3072K)
 Metaspace       used 56424K, committed 57408K, reserved 1114112K
  class space    used 7683K, committed 8064K, reserved 1048576K
}

