# JRE version: OpenJDK Runtime Environment Corretto-18.0.2.9.1 (18.0.2+9) (build 18.0.2+9-FR)
# Java VM: OpenJDK 64-Bit Server VM Corretto-18.0.2.9.1 (18.0.2+9-FR, mixed mode, emulated-client, sharing, tiered, compressed oops, compressed class ptrs, g1 gc, windows-amd64)
GC Precious Log:
 CardTable entry size: 512
 Card Set container configuration: InlinePtr #cards 5 size 8 Array Of Cards #cards 12 size 40 Howl #buckets 4 coarsen threshold 1843 Howl Bitmap #cards 512 size 80 coarsen threshold 460 Card regions per heap region 1 cards per card region 2048
 CPUs: 8 total, 8 available
 Memory: 8086M
 Large Page Support: Disabled
 NUMA Support: Disabled
 Compressed Oops: Enabled (32-bit)
 Heap Region Size: 1M
 Heap Min Capacity: 8M
 Heap Initial Capacity: 128M
 Heap Max Capacity: 2022M
 Pre-touch: Disabled
 Parallel Workers: 8
 Concurrent Workers: 2
 Concurrent Refinement Workers: 8
 Periodic GC: Disabled
Heap:
 garbage-first heap   total 103424K, used 35350K [0x0000000081a00000, 0x0000000100000000)
  region size 1024K, 1 young (1024K), 1 survivors (1024K)
 Metaspace       used 58217K, committed 58880K, reserved 1114112K
  class space    used 7988K, committed 8320K, reserved 1048576K
GC Heap History (20 events):
Event: 11236.695 GC heap after
{Heap after GC invocations=173 (full 0):
 garbage-first heap   total 103424K, used 35314K [0x0000000081a00000, 0x0000000100000000)
  region size 1024K, 1 young (1024K), 1 survivors (1024K)
 Metaspace       used 58220K, committed 58880K, reserved 1114112K
  class space    used 7989K, committed 8320K, reserved 1048576K
}
Event: 11555.656 GC heap before
{Heap before GC invocations=174 (full 0):
 garbage-first heap   total 103424K, used 89586K [0x0000000081a00000, 0x0000000100000000)
  region size 1024K, 54 young (55296K), 1 survivors (1024K)
 Metaspace       used 58187K, committed 58880K, reserved 1114112K
  class space    used 7981K, committed 8320K, reserved 1048576K
}
Event: 11555.660 GC heap after
{Heap after GC invocations=175 (full 0):
 garbage-first heap   total 103424K, used 35318K [0x0000000081a00000, 0x0000000100000000)
  region size 1024K, 1 young (1024K), 1 survivors (1024K)
 Metaspace       used 58187K, committed 58880K, reserved 1114112K
  class space    used 7981K, committed 8320K, reserved 1048576K
}
Event: 11800.214 GC heap before
{Heap before GC invocations=175 (full 0):
 garbage-first heap   total 103424K, used 89590K [0x0000000081a00000, 0x0000000100000000)
  region size 1024K, 54 young (55296K), 1 survivors (1024K)
 Metaspace       used 58187K, committed 58880K, reserved 1114112K
  class space    used 7981K, committed 8320K, reserved 1048576K
}
Event: 11800.717 GC heap after
{Heap after GC invocations=176 (full 0):
 garbage-first heap   total 103424K, used 35279K [0x0000000081a00000, 0x0000000100000000)
  region size 1024K, 1 young (1024K), 1 survivors (1024K)
 Metaspace       used 58187K, committed 58880K, reserved 1114112K
  class space    used 7981K, committed 8320K, reserved 1048576K
}
Event: 12058.398 GC heap before
{Heap before GC invocations=177 (full 0):
 garbage-first heap   total 103424K, used 89551K [0x0000000081a00000, 0x0000000100000000)
  region size 1024K, 54 young (55296K), 1 survivors (1024K)
 Metaspace       used 58180K, committed 58880K, reserved 1114112K
  class space    used 7979K, committed 8320K, reserved 1048576K
}
Event: 12058.445 GC heap after
{Heap after GC invocations=178 (full 0):
 garbage-first heap   total 103424K, used 35284K [0x0000000081a00000, 0x0000000100000000)
  region size 1024K, 1 young (1024K), 1 survivors (1024K)
 Metaspace       used 58180K, committed 58880K, reserved 1114112K
  class space    used 7979K, committed 8320K, reserved 1048576K
}
Event: 12273.866 GC heap before
{Heap before GC invocations=178 (full 0):
 garbage-first heap   total 103424K, used 89556K [0x0000000081a00000, 0x0000000100000000)
  region size 1024K, 54 young (55296K), 1 survivors (1024K)
 Metaspace       used 58211K, committed 58880K, reserved 1114112K
  class space    used 7987K, committed 8320K, reserved 1048576K
}
Event: 12273.959 GC heap after
{Heap after GC invocations=179 (full 0):
 garbage-first heap   total 103424K, used 35708K [0x0000000081a00000, 0x0000000100000000)
  region size 1024K, 1 young (1024K), 1 survivors (1024K)
 Metaspace       used 58211K, committed 58880K, reserved 1114112K
  class space    used 7987K, committed 8320K, reserved 1048576K
}
Event: 12507.501 GC heap before
{Heap before GC invocations=180 (full 0):
 garbage-first heap   total 103424K, used 89980K [0x0000000081a00000, 0x0000000100000000)
  region size 1024K, 54 young (55296K), 1 survivors (1024K)
 Metaspace       used 58209K, committed 58880K, reserved 1114112K
  class space    used 7987K, committed 8320K, reserved 1048576K
}
Event: 12507.514 GC heap after
{Heap after GC invocations=181 (full 0):
 garbage-first heap   total 103424K, used 35530K [0x0000000081a00000, 0x0000000100000000)
  region size 1024K, 1 young (1024K), 1 survivors (1024K)
 Metaspace       used 58209K, committed 58880K, reserved 1114112K
  class space    used 7987K, committed 8320K, reserved 1048576K
}
Event: 12752.376 GC heap before
{Heap before GC invocations=181 (full 0):
 garbage-first heap   total 103424K, used 89802K [0x0000000081a00000, 0x0000000100000000)
  region size 1024K, 54 young (55296K), 1 survivors (1024K)
 Metaspace       used 58209K, committed 58880K, reserved 1114112K
  class space    used 7987K, committed 8320K, reserved 1048576K
}
Event: 12752.660 GC heap after
{Heap after GC invocations=182 (full 0):
 garbage-first heap   total 103424K, used 35350K [0x0000000081a00000, 0x0000000100000000)
  region size 1024K, 1 young (1024K), 1 survivors (1024K)
 Metaspace       used 58209K, committed 58880K, reserved 1114112K
  class space    used 7987K, committed 8320K, reserved 1048576K
}
Event: 12992.299 GC heap before
{Heap before GC invocations=183 (full 0):
 garbage-first heap   total 103424K, used 89622K [0x0000000081a00000, 0x0000000100000000)
  region size 1024K, 54 young (55296K), 1 survivors (1024K)
 Metaspace       used 58217K, committed 58880K, reserved 1114112K
  class space    used 7988K, committed 8320K, reserved 1048576K
}
Event: 12998.171 GC heap after
{Heap after GC invocations=184 (full 0):
 garbage-first heap   total 103424K, used 35573K [0x0000000081a00000, 0x0000000100000000)
  region size 1024K, 1 young (1024K), 1 survivors (1024K)
 Metaspace       used 58217K, committed 58880K, reserved 1114112K
  class space    used 7988K, committed 8320K, reserved 1048576K
}
Event: 13014.435 GC heap before
{Heap before GC invocations=184 (full 0):
 garbage-first heap   total 103424K, used 39669K [0x0000000081a00000, 0x0000000100000000)
  region size 1024K, 5 young (5120K), 1 survivors (1024K)
 Metaspace       used 58217K, committed 58880K, reserved 1114112K
  class space    used 7988K, committed 8320K, reserved 1048576K
}
Event: 13016.727 GC heap after
{Heap after GC invocations=185 (full 0):
 garbage-first heap   total 103424K, used 35387K [0x0000000081a00000, 0x0000000100000000)
  region size 1024K, 1 young (1024K), 1 survivors (1024K)
 Metaspace       used 58217K, committed 58880K, reserved 1114112K
  class space    used 7988K, committed 8320K, reserved 1048576K
}
Event: 13036.535 GC heap before
{Heap before GC invocations=185 (full 0):
 garbage-first heap   total 103424K, used 39483K [0x0000000081a00000, 0x0000000100000000)
  region size 1024K, 5 young (5120K), 1 survivors (1024K)
 Metaspace       used 58217K, committed 58880K, reserved 1114112K
  class space    used 7988K, committed 8320K, reserved 1048576K
}
Event: 13037.462 GC heap after
{Heap after GC invocations=186 (full 0):
 garbage-first heap   total 103424K, used 35385K [0x0000000081a00000, 0x0000000100000000)
  region size 1024K, 1 young (1024K), 1 survivors (1024K)
 Metaspace       used 58217K, committed 58880K, reserved 1114112K
  class space    used 7988K, committed 8320K, reserved 1048576K
}
Event: 13057.176 GC heap before
{Heap before GC invocations=186 (full 0):
 garbage-first heap   total 103424K, used 39481K [0x0000000081a00000, 0x0000000100000000)
  region size 1024K, 5 young (5120K), 1 survivors (1024K)
 Metaspace       used 58217K, committed 58880K, reserved 1114112K
  class space    used 7988K, committed 8320K, reserved 1048576K
}

