# JRE version: OpenJDK Runtime Environment Microsoft-7208460 (11.0.18+10) (build 11.0.18+10-LTS)
# Java VM: OpenJDK 64-Bit Server VM Microsoft-7208460 (11.0.18+10-LTS, mixed mode, tiered, compressed oops, g1 gc, windows-amd64)
Heap:
 garbage-first heap   total 189440K, used 50057K [0x0000000081a00000, 0x0000000100000000)
  region size 1024K, 10 young (10240K), 1 survivors (1024K)
 Metaspace       used 66470K, capacity 69876K, committed 70140K, reserved 1110016K
  class space    used 8584K, capacity 9940K, committed 10032K, reserved 1048576K
GC Heap History (20 events):
Event: 13763.287 GC heap before
{Heap before GC invocations=208 (full 0):
 garbage-first heap   total 189440K, used 50033K [0x0000000081a00000, 0x0000000100000000)
  region size 1024K, 9 young (9216K), 1 survivors (1024K)
 Metaspace       used 66470K, capacity 69876K, committed 70140K, reserved 1110016K
  class space    used 8584K, capacity 9940K, committed 10032K, reserved 1048576K
}
Event: 13763.305 GC heap after
{Heap after GC invocations=209 (full 0):
 garbage-first heap   total 189440K, used 41808K [0x0000000081a00000, 0x0000000100000000)
  region size 1024K, 1 young (1024K), 1 survivors (1024K)
 Metaspace       used 66470K, capacity 69876K, committed 70140K, reserved 1110016K
  class space    used 8584K, capacity 9940K, committed 10032K, reserved 1048576K
}
Event: 13851.169 GC heap before
{Heap before GC invocations=209 (full 0):
 garbage-first heap   total 189440K, used 63312K [0x0000000081a00000, 0x0000000100000000)
  region size 1024K, 22 young (22528K), 1 survivors (1024K)
 Metaspace       used 66470K, capacity 69876K, committed 70140K, reserved 1110016K
  class space    used 8584K, capacity 9940K, committed 10032K, reserved 1048576K
}
Event: 13851.184 GC heap after
{Heap after GC invocations=210 (full 0):
 garbage-first heap   total 189440K, used 41844K [0x0000000081a00000, 0x0000000100000000)
  region size 1024K, 1 young (1024K), 1 survivors (1024K)
 Metaspace       used 66470K, capacity 69876K, committed 70140K, reserved 1110016K
  class space    used 8584K, capacity 9940K, committed 10032K, reserved 1048576K
}
Event: 13987.869 GC heap before
{Heap before GC invocations=210 (full 0):
 garbage-first heap   total 189440K, used 77684K [0x0000000081a00000, 0x0000000100000000)
  region size 1024K, 36 young (36864K), 1 survivors (1024K)
 Metaspace       used 66470K, capacity 69876K, committed 70140K, reserved 1110016K
  class space    used 8584K, capacity 9940K, committed 10032K, reserved 1048576K
}
Event: 13992.397 GC heap after
{Heap after GC invocations=211 (full 0):
 garbage-first heap   total 189440K, used 41874K [0x0000000081a00000, 0x0000000100000000)
  region size 1024K, 1 young (1024K), 1 survivors (1024K)
 Metaspace       used 66470K, capacity 69876K, committed 70140K, reserved 1110016K
  class space    used 8584K, capacity 9940K, committed 10032K, reserved 1048576K
}
Event: 14004.805 GC heap before
{Heap before GC invocations=211 (full 0):
 garbage-first heap   total 189440K, used 50066K [0x0000000081a00000, 0x0000000100000000)
  region size 1024K, 9 young (9216K), 1 survivors (1024K)
 Metaspace       used 66470K, capacity 69876K, committed 70140K, reserved 1110016K
  class space    used 8584K, capacity 9940K, committed 10032K, reserved 1048576K
}
Event: 14004.821 GC heap after
{Heap after GC invocations=212 (full 0):
 garbage-first heap   total 189440K, used 41885K [0x0000000081a00000, 0x0000000100000000)
  region size 1024K, 1 young (1024K), 1 survivors (1024K)
 Metaspace       used 66470K, capacity 69876K, committed 70140K, reserved 1110016K
  class space    used 8584K, capacity 9940K, committed 10032K, reserved 1048576K
}
Event: 14009.569 GC heap before
{Heap before GC invocations=212 (full 0):
 garbage-first heap   total 189440K, used 49053K [0x0000000081a00000, 0x0000000100000000)
  region size 1024K, 9 young (9216K), 1 survivors (1024K)
 Metaspace       used 66470K, capacity 69876K, committed 70140K, reserved 1110016K
  class space    used 8584K, capacity 9940K, committed 10032K, reserved 1048576K
}
Event: 14009.590 GC heap after
{Heap after GC invocations=213 (full 0):
 garbage-first heap   total 189440K, used 41950K [0x0000000081a00000, 0x0000000100000000)
  region size 1024K, 1 young (1024K), 1 survivors (1024K)
 Metaspace       used 66470K, capacity 69876K, committed 70140K, reserved 1110016K
  class space    used 8584K, capacity 9940K, committed 10032K, reserved 1048576K
}
Event: 14022.373 GC heap before
{Heap before GC invocations=213 (full 0):
 garbage-first heap   total 189440K, used 50142K [0x0000000081a00000, 0x0000000100000000)
  region size 1024K, 9 young (9216K), 1 survivors (1024K)
 Metaspace       used 66470K, capacity 69876K, committed 70140K, reserved 1110016K
  class space    used 8584K, capacity 9940K, committed 10032K, reserved 1048576K
}
Event: 14022.378 GC heap after
{Heap after GC invocations=214 (full 0):
 garbage-first heap   total 189440K, used 41938K [0x0000000081a00000, 0x0000000100000000)
  region size 1024K, 1 young (1024K), 1 survivors (1024K)
 Metaspace       used 66470K, capacity 69876K, committed 70140K, reserved 1110016K
  class space    used 8584K, capacity 9940K, committed 10032K, reserved 1048576K
}
Event: 14035.732 GC heap before
{Heap before GC invocations=214 (full 0):
 garbage-first heap   total 189440K, used 49106K [0x0000000081a00000, 0x0000000100000000)
  region size 1024K, 9 young (9216K), 1 survivors (1024K)
 Metaspace       used 66470K, capacity 69876K, committed 70140K, reserved 1110016K
  class space    used 8584K, capacity 9940K, committed 10032K, reserved 1048576K
}
Event: 14036.009 GC heap after
{Heap after GC invocations=215 (full 0):
 garbage-first heap   total 189440K, used 41901K [0x0000000081a00000, 0x0000000100000000)
  region size 1024K, 1 young (1024K), 1 survivors (1024K)
 Metaspace       used 66470K, capacity 69876K, committed 70140K, reserved 1110016K
  class space    used 8584K, capacity 9940K, committed 10032K, reserved 1048576K
}
Event: 14058.815 GC heap before
{Heap before GC invocations=215 (full 0):
 garbage-first heap   total 189440K, used 50093K [0x0000000081a00000, 0x0000000100000000)
  region size 1024K, 9 young (9216K), 1 survivors (1024K)
 Metaspace       used 66470K, capacity 69876K, committed 70140K, reserved 1110016K
  class space    used 8584K, capacity 9940K, committed 10032K, reserved 1048576K
}
Event: 14059.016 GC heap after
{Heap after GC invocations=216 (full 0):
 garbage-first heap   total 189440K, used 41903K [0x0000000081a00000, 0x0000000100000000)
  region size 1024K, 1 young (1024K), 1 survivors (1024K)
 Metaspace       used 66470K, capacity 69876K, committed 70140K, reserved 1110016K
  class space    used 8584K, capacity 9940K, committed 10032K, reserved 1048576K
}
Event: 14081.533 GC heap before
{Heap before GC invocations=216 (full 0):
 garbage-first heap   total 189440K, used 50095K [0x0000000081a00000, 0x0000000100000000)
  region size 1024K, 9 young (9216K), 1 survivors (1024K)
 Metaspace       used 66470K, capacity 69876K, committed 70140K, reserved 1110016K
  class space    used 8584K, capacity 9940K, committed 10032K, reserved 1048576K
}
Event: 14081.546 GC heap after
{Heap after GC invocations=217 (full 0):
 garbage-first heap   total 189440K, used 41917K [0x0000000081a00000, 0x0000000100000000)
  region size 1024K, 1 young (1024K), 1 survivors (1024K)
 Metaspace       used 66470K, capacity 69876K, committed 70140K, reserved 1110016K
  class space    used 8584K, capacity 9940K, committed 10032K, reserved 1048576K
}
Event: 14137.745 GC heap before
{Heap before GC invocations=217 (full 0):
 garbage-first heap   total 189440K, used 58301K [0x0000000081a00000, 0x0000000100000000)
  region size 1024K, 17 young (17408K), 1 survivors (1024K)
 Metaspace       used 66470K, capacity 69876K, committed 70140K, reserved 1110016K
  class space    used 8584K, capacity 9940K, committed 10032K, reserved 1048576K
}
Event: 14137.758 GC heap after
{Heap after GC invocations=218 (full 0):
 garbage-first heap   total 189440K, used 41865K [0x0000000081a00000, 0x0000000100000000)
  region size 1024K, 1 young (1024K), 1 survivors (1024K)
 Metaspace       used 66470K, capacity 69876K, committed 70140K, reserved 1110016K
  class space    used 8584K, capacity 9940K, committed 10032K, reserved 1048576K
}

